2020.04.30 11:02:59 ERROR es[][o.e.b.Bootstrap] Exception
java.lang.IllegalStateException: failed to obtain node locks, tried [[/opt/sonarqube/data/es6]] with lock id [0]; maybe these locations are not writable or multiple nodes were started without increasing [node.max_local_storage_nodes] (was [1])?
	at org.elasticsearch.env.NodeEnvironment.<init>(NodeEnvironment.java:300) ~[elasticsearch-6.8.0.jar:6.8.0]
	at org.elasticsearch.node.Node.<init>(Node.java:296) ~[elasticsearch-6.8.0.jar:6.8.0]
	at org.elasticsearch.node.Node.<init>(Node.java:266) ~[elasticsearch-6.8.0.jar:6.8.0]
	at org.elasticsearch.bootstrap.Bootstrap$5.<init>(Bootstrap.java:212) ~[elasticsearch-6.8.0.jar:6.8.0]
	at org.elasticsearch.bootstrap.Bootstrap.setup(Bootstrap.java:212) ~[elasticsearch-6.8.0.jar:6.8.0]
	at org.elasticsearch.bootstrap.Bootstrap.init(Bootstrap.java:333) [elasticsearch-6.8.0.jar:6.8.0]
	at org.elasticsearch.bootstrap.Elasticsearch.init(Elasticsearch.java:159) [elasticsearch-6.8.0.jar:6.8.0]
	at org.elasticsearch.bootstrap.Elasticsearch.execute(Elasticsearch.java:150) [elasticsearch-6.8.0.jar:6.8.0]
	at org.elasticsearch.cli.EnvironmentAwareCommand.execute(EnvironmentAwareCommand.java:86) [elasticsearch-6.8.0.jar:6.8.0]
	at org.elasticsearch.cli.Command.mainWithoutErrorHandling(Command.java:124) [elasticsearch-cli-6.8.0.jar:6.8.0]
	at org.elasticsearch.cli.Command.main(Command.java:90) [elasticsearch-cli-6.8.0.jar:6.8.0]
	at org.elasticsearch.bootstrap.Elasticsearch.main(Elasticsearch.java:116) [elasticsearch-6.8.0.jar:6.8.0]
	at org.elasticsearch.bootstrap.Elasticsearch.main(Elasticsearch.java:93) [elasticsearch-6.8.0.jar:6.8.0]
Caused by: java.io.IOException: failed to obtain lock on /opt/sonarqube/data/es6/nodes/0
	at org.elasticsearch.env.NodeEnvironment$NodeLock.<init>(NodeEnvironment.java:218) ~[elasticsearch-6.8.0.jar:6.8.0]
	at org.elasticsearch.env.NodeEnvironment.<init>(NodeEnvironment.java:270) ~[elasticsearch-6.8.0.jar:6.8.0]
	... 12 more
Caused by: java.nio.file.NoSuchFileException: /opt/sonarqube/data/es6/nodes/0/node.lock
	at sun.nio.fs.UnixException.translateToIOException(Unknown Source) ~[?:?]
	at sun.nio.fs.UnixException.rethrowAsIOException(Unknown Source) ~[?:?]
	at sun.nio.fs.UnixException.rethrowAsIOException(Unknown Source) ~[?:?]
	at sun.nio.fs.UnixPath.toRealPath(Unknown Source) ~[?:?]
	at org.apache.lucene.store.NativeFSLockFactory.obtainFSLock(NativeFSLockFactory.java:108) ~[lucene-core-7.7.0.jar:7.7.0 8c831daf4eb41153c25ddb152501ab5bae3ea3d5 - jimczi - 2019-02-04 23:16:28]
	at org.apache.lucene.store.FSLockFactory.obtainLock(FSLockFactory.java:41) ~[lucene-core-7.7.0.jar:7.7.0 8c831daf4eb41153c25ddb152501ab5bae3ea3d5 - jimczi - 2019-02-04 23:16:28]
	at org.apache.lucene.store.BaseDirectory.obtainLock(BaseDirectory.java:45) ~[lucene-core-7.7.0.jar:7.7.0 8c831daf4eb41153c25ddb152501ab5bae3ea3d5 - jimczi - 2019-02-04 23:16:28]
	at org.elasticsearch.env.NodeEnvironment$NodeLock.<init>(NodeEnvironment.java:211) ~[elasticsearch-6.8.0.jar:6.8.0]
	at org.elasticsearch.env.NodeEnvironment.<init>(NodeEnvironment.java:270) ~[elasticsearch-6.8.0.jar:6.8.0]
	... 12 more
	Suppressed: java.nio.file.FileAlreadyExistsException: /opt/sonarqube/data/es6/nodes/0/node.lock
		at sun.nio.fs.UnixException.translateToIOException(Unknown Source) ~[?:?]
		at sun.nio.fs.UnixException.rethrowAsIOException(Unknown Source) ~[?:?]
		at sun.nio.fs.UnixException.rethrowAsIOException(Unknown Source) ~[?:?]
		at sun.nio.fs.UnixFileSystemProvider.newByteChannel(Unknown Source) ~[?:?]
		at java.nio.file.Files.newByteChannel(Unknown Source) ~[?:?]
		at java.nio.file.Files.createFile(Unknown Source) ~[?:?]
		at org.apache.lucene.store.NativeFSLockFactory.obtainFSLock(NativeFSLockFactory.java:98) ~[lucene-core-7.7.0.jar:7.7.0 8c831daf4eb41153c25ddb152501ab5bae3ea3d5 - jimczi - 2019-02-04 23:16:28]
		at org.apache.lucene.store.FSLockFactory.obtainLock(FSLockFactory.java:41) ~[lucene-core-7.7.0.jar:7.7.0 8c831daf4eb41153c25ddb152501ab5bae3ea3d5 - jimczi - 2019-02-04 23:16:28]
		at org.apache.lucene.store.BaseDirectory.obtainLock(BaseDirectory.java:45) ~[lucene-core-7.7.0.jar:7.7.0 8c831daf4eb41153c25ddb152501ab5bae3ea3d5 - jimczi - 2019-02-04 23:16:28]
		at org.elasticsearch.env.NodeEnvironment$NodeLock.<init>(NodeEnvironment.java:211) ~[elasticsearch-6.8.0.jar:6.8.0]
		at org.elasticsearch.env.NodeEnvironment.<init>(NodeEnvironment.java:270) ~[elasticsearch-6.8.0.jar:6.8.0]
		at org.elasticsearch.node.Node.<init>(Node.java:296) ~[elasticsearch-6.8.0.jar:6.8.0]
		at org.elasticsearch.node.Node.<init>(Node.java:266) ~[elasticsearch-6.8.0.jar:6.8.0]
		at org.elasticsearch.bootstrap.Bootstrap$5.<init>(Bootstrap.java:212) ~[elasticsearch-6.8.0.jar:6.8.0]
		at org.elasticsearch.bootstrap.Bootstrap.setup(Bootstrap.java:212) ~[elasticsearch-6.8.0.jar:6.8.0]
		at org.elasticsearch.bootstrap.Bootstrap.init(Bootstrap.java:333) [elasticsearch-6.8.0.jar:6.8.0]
		at org.elasticsearch.bootstrap.Elasticsearch.init(Elasticsearch.java:159) [elasticsearch-6.8.0.jar:6.8.0]
		at org.elasticsearch.bootstrap.Elasticsearch.execute(Elasticsearch.java:150) [elasticsearch-6.8.0.jar:6.8.0]
		at org.elasticsearch.cli.EnvironmentAwareCommand.execute(EnvironmentAwareCommand.java:86) [elasticsearch-6.8.0.jar:6.8.0]
		at org.elasticsearch.cli.Command.mainWithoutErrorHandling(Command.java:124) [elasticsearch-cli-6.8.0.jar:6.8.0]
		at org.elasticsearch.cli.Command.main(Command.java:90) [elasticsearch-cli-6.8.0.jar:6.8.0]
		at org.elasticsearch.bootstrap.Elasticsearch.main(Elasticsearch.java:116) [elasticsearch-6.8.0.jar:6.8.0]
		at org.elasticsearch.bootstrap.Elasticsearch.main(Elasticsearch.java:93) [elasticsearch-6.8.0.jar:6.8.0]
2020.04.30 11:02:59 WARN  es[][o.e.b.ElasticsearchUncaughtExceptionHandler] uncaught exception in thread [main]
org.elasticsearch.bootstrap.StartupException: java.lang.IllegalStateException: failed to obtain node locks, tried [[/opt/sonarqube/data/es6]] with lock id [0]; maybe these locations are not writable or multiple nodes were started without increasing [node.max_local_storage_nodes] (was [1])?
	at org.elasticsearch.bootstrap.Elasticsearch.init(Elasticsearch.java:163) ~[elasticsearch-6.8.0.jar:6.8.0]
	at org.elasticsearch.bootstrap.Elasticsearch.execute(Elasticsearch.java:150) ~[elasticsearch-6.8.0.jar:6.8.0]
	at org.elasticsearch.cli.EnvironmentAwareCommand.execute(EnvironmentAwareCommand.java:86) ~[elasticsearch-6.8.0.jar:6.8.0]
	at org.elasticsearch.cli.Command.mainWithoutErrorHandling(Command.java:124) ~[elasticsearch-cli-6.8.0.jar:6.8.0]
	at org.elasticsearch.cli.Command.main(Command.java:90) ~[elasticsearch-cli-6.8.0.jar:6.8.0]
	at org.elasticsearch.bootstrap.Elasticsearch.main(Elasticsearch.java:116) ~[elasticsearch-6.8.0.jar:6.8.0]
	at org.elasticsearch.bootstrap.Elasticsearch.main(Elasticsearch.java:93) ~[elasticsearch-6.8.0.jar:6.8.0]
Caused by: java.lang.IllegalStateException: failed to obtain node locks, tried [[/opt/sonarqube/data/es6]] with lock id [0]; maybe these locations are not writable or multiple nodes were started without increasing [node.max_local_storage_nodes] (was [1])?
	at org.elasticsearch.env.NodeEnvironment.<init>(NodeEnvironment.java:300) ~[elasticsearch-6.8.0.jar:6.8.0]
	at org.elasticsearch.node.Node.<init>(Node.java:296) ~[elasticsearch-6.8.0.jar:6.8.0]
	at org.elasticsearch.node.Node.<init>(Node.java:266) ~[elasticsearch-6.8.0.jar:6.8.0]
	at org.elasticsearch.bootstrap.Bootstrap$5.<init>(Bootstrap.java:212) ~[elasticsearch-6.8.0.jar:6.8.0]
	at org.elasticsearch.bootstrap.Bootstrap.setup(Bootstrap.java:212) ~[elasticsearch-6.8.0.jar:6.8.0]
	at org.elasticsearch.bootstrap.Bootstrap.init(Bootstrap.java:333) ~[elasticsearch-6.8.0.jar:6.8.0]
	at org.elasticsearch.bootstrap.Elasticsearch.init(Elasticsearch.java:159) ~[elasticsearch-6.8.0.jar:6.8.0]
	... 6 more
Caused by: java.io.IOException: failed to obtain lock on /opt/sonarqube/data/es6/nodes/0
	at org.elasticsearch.env.NodeEnvironment$NodeLock.<init>(NodeEnvironment.java:218) ~[elasticsearch-6.8.0.jar:6.8.0]
	at org.elasticsearch.env.NodeEnvironment.<init>(NodeEnvironment.java:270) ~[elasticsearch-6.8.0.jar:6.8.0]
	at org.elasticsearch.node.Node.<init>(Node.java:296) ~[elasticsearch-6.8.0.jar:6.8.0]
	at org.elasticsearch.node.Node.<init>(Node.java:266) ~[elasticsearch-6.8.0.jar:6.8.0]
	at org.elasticsearch.bootstrap.Bootstrap$5.<init>(Bootstrap.java:212) ~[elasticsearch-6.8.0.jar:6.8.0]
	at org.elasticsearch.bootstrap.Bootstrap.setup(Bootstrap.java:212) ~[elasticsearch-6.8.0.jar:6.8.0]
	at org.elasticsearch.bootstrap.Bootstrap.init(Bootstrap.java:333) ~[elasticsearch-6.8.0.jar:6.8.0]
	at org.elasticsearch.bootstrap.Elasticsearch.init(Elasticsearch.java:159) ~[elasticsearch-6.8.0.jar:6.8.0]
	... 6 more
Caused by: java.nio.file.NoSuchFileException: /opt/sonarqube/data/es6/nodes/0/node.lock
	at sun.nio.fs.UnixException.translateToIOException(Unknown Source) ~[?:?]
	at sun.nio.fs.UnixException.rethrowAsIOException(Unknown Source) ~[?:?]
	at sun.nio.fs.UnixException.rethrowAsIOException(Unknown Source) ~[?:?]
	at sun.nio.fs.UnixPath.toRealPath(Unknown Source) ~[?:?]
	at org.apache.lucene.store.NativeFSLockFactory.obtainFSLock(NativeFSLockFactory.java:108) ~[lucene-core-7.7.0.jar:7.7.0 8c831daf4eb41153c25ddb152501ab5bae3ea3d5 - jimczi - 2019-02-04 23:16:28]
	at org.apache.lucene.store.FSLockFactory.obtainLock(FSLockFactory.java:41) ~[lucene-core-7.7.0.jar:7.7.0 8c831daf4eb41153c25ddb152501ab5bae3ea3d5 - jimczi - 2019-02-04 23:16:28]
	at org.apache.lucene.store.BaseDirectory.obtainLock(BaseDirectory.java:45) ~[lucene-core-7.7.0.jar:7.7.0 8c831daf4eb41153c25ddb152501ab5bae3ea3d5 - jimczi - 2019-02-04 23:16:28]
	at org.elasticsearch.env.NodeEnvironment$NodeLock.<init>(NodeEnvironment.java:211) ~[elasticsearch-6.8.0.jar:6.8.0]
	at org.elasticsearch.env.NodeEnvironment.<init>(NodeEnvironment.java:270) ~[elasticsearch-6.8.0.jar:6.8.0]
	at org.elasticsearch.node.Node.<init>(Node.java:296) ~[elasticsearch-6.8.0.jar:6.8.0]
	at org.elasticsearch.node.Node.<init>(Node.java:266) ~[elasticsearch-6.8.0.jar:6.8.0]
	at org.elasticsearch.bootstrap.Bootstrap$5.<init>(Bootstrap.java:212) ~[elasticsearch-6.8.0.jar:6.8.0]
	at org.elasticsearch.bootstrap.Bootstrap.setup(Bootstrap.java:212) ~[elasticsearch-6.8.0.jar:6.8.0]
	at org.elasticsearch.bootstrap.Bootstrap.init(Bootstrap.java:333) ~[elasticsearch-6.8.0.jar:6.8.0]
	at org.elasticsearch.bootstrap.Elasticsearch.init(Elasticsearch.java:159) ~[elasticsearch-6.8.0.jar:6.8.0]
	... 6 more
	Suppressed: java.nio.file.FileAlreadyExistsException: /opt/sonarqube/data/es6/nodes/0/node.lock
		at sun.nio.fs.UnixException.translateToIOException(Unknown Source) ~[?:?]
		at sun.nio.fs.UnixException.rethrowAsIOException(Unknown Source) ~[?:?]
		at sun.nio.fs.UnixException.rethrowAsIOException(Unknown Source) ~[?:?]
		at sun.nio.fs.UnixFileSystemProvider.newByteChannel(Unknown Source) ~[?:?]
		at java.nio.file.Files.newByteChannel(Unknown Source) ~[?:?]
		at java.nio.file.Files.createFile(Unknown Source) ~[?:?]
		at org.apache.lucene.store.NativeFSLockFactory.obtainFSLock(NativeFSLockFactory.java:98) ~[lucene-core-7.7.0.jar:7.7.0 8c831daf4eb41153c25ddb152501ab5bae3ea3d5 - jimczi - 2019-02-04 23:16:28]
		at org.apache.lucene.store.FSLockFactory.obtainLock(FSLockFactory.java:41) ~[lucene-core-7.7.0.jar:7.7.0 8c831daf4eb41153c25ddb152501ab5bae3ea3d5 - jimczi - 2019-02-04 23:16:28]
		at org.apache.lucene.store.BaseDirectory.obtainLock(BaseDirectory.java:45) ~[lucene-core-7.7.0.jar:7.7.0 8c831daf4eb41153c25ddb152501ab5bae3ea3d5 - jimczi - 2019-02-04 23:16:28]
		at org.elasticsearch.env.NodeEnvironment$NodeLock.<init>(NodeEnvironment.java:211) ~[elasticsearch-6.8.0.jar:6.8.0]
		at org.elasticsearch.env.NodeEnvironment.<init>(NodeEnvironment.java:270) ~[elasticsearch-6.8.0.jar:6.8.0]
		at org.elasticsearch.node.Node.<init>(Node.java:296) ~[elasticsearch-6.8.0.jar:6.8.0]
		at org.elasticsearch.node.Node.<init>(Node.java:266) ~[elasticsearch-6.8.0.jar:6.8.0]
		at org.elasticsearch.bootstrap.Bootstrap$5.<init>(Bootstrap.java:212) ~[elasticsearch-6.8.0.jar:6.8.0]
		at org.elasticsearch.bootstrap.Bootstrap.setup(Bootstrap.java:212) ~[elasticsearch-6.8.0.jar:6.8.0]
		at org.elasticsearch.bootstrap.Bootstrap.init(Bootstrap.java:333) ~[elasticsearch-6.8.0.jar:6.8.0]
		at org.elasticsearch.bootstrap.Elasticsearch.init(Elasticsearch.java:159) ~[elasticsearch-6.8.0.jar:6.8.0]
		at org.elasticsearch.bootstrap.Elasticsearch.execute(Elasticsearch.java:150) ~[elasticsearch-6.8.0.jar:6.8.0]
		at org.elasticsearch.cli.EnvironmentAwareCommand.execute(EnvironmentAwareCommand.java:86) ~[elasticsearch-6.8.0.jar:6.8.0]
		at org.elasticsearch.cli.Command.mainWithoutErrorHandling(Command.java:124) ~[elasticsearch-cli-6.8.0.jar:6.8.0]
		at org.elasticsearch.cli.Command.main(Command.java:90) ~[elasticsearch-cli-6.8.0.jar:6.8.0]
		at org.elasticsearch.bootstrap.Elasticsearch.main(Elasticsearch.java:116) ~[elasticsearch-6.8.0.jar:6.8.0]
		at org.elasticsearch.bootstrap.Elasticsearch.main(Elasticsearch.java:93) ~[elasticsearch-6.8.0.jar:6.8.0]
